Terminals unused in grammar

    T_LABEL
    T_TYPE
    T_ARRAY
    T_PROCEDURE
    T_FUNCTION
    T_IF
    T_ELSE
    T_WHILE
    T_DO


State 49 conflicts: 3 shift/reduce
State 55 conflicts: 3 shift/reduce
State 56 conflicts: 3 shift/reduce
State 57 conflicts: 3 shift/reduce


Grammar

    0 $accept: programa $end

    1 $@1: ε

    2 programa: $@1 PROGRAM IDENT ABRE_PARENTESES lista_idents FECHA_PARENTESES PONTO_E_VIRGULA bloco PONTO

    3 $@2: ε

    4 bloco: parte_declara_vars $@2 comando_composto

    5 parte_declara_vars: var

    6 $@3: ε

    7 var: $@3 VAR declara_vars
    8    | ε

    9 declara_vars: declara_vars declara_var
   10             | declara_var

   11 $@4: ε

   12 $@5: ε

   13 declara_var: $@4 lista_id_var DOIS_PONTOS tipo $@5 PONTO_E_VIRGULA

   14 tipo: IDENT

   15 lista_id_var: lista_id_var VIRGULA IDENT
   16             | IDENT

   17 lista_idents: lista_idents VIRGULA IDENT
   18             | IDENT

   19 comando_composto: T_BEGIN comandos T_END

   20 comandos: comandos PONTO_E_VIRGULA comando
   21         | comando

   22 comando: comando_composto

   23 $@6: ε

   24 comando: IDENT $@6 ATRIBUICAO expressao
   25        | ε

   26 expressao: IDENT
   27          | NUMERO
   28          | expressao T_AND expressao
   29          | expressao T_OR expressao
   30          | expressao T_DIV expressao
   31          | T_NOT expressao
   32          | ABRE_PARENTESES expressao FECHA_PARENTESES
   33          | ε


Terminals, with rules where they appear

    $end (0) 0
    error (256)
    PROGRAM (258) 2
    ABRE_PARENTESES (259) 2 32
    FECHA_PARENTESES (260) 2 32
    NUMERO (261) 27
    VIRGULA (262) 15 17
    PONTO_E_VIRGULA (263) 2 13 20
    DOIS_PONTOS (264) 13
    PONTO (265) 2
    T_BEGIN (266) 19
    T_END (267) 19
    VAR (268) 7
    IDENT (269) 2 14 15 16 17 18 24 26
    ATRIBUICAO (270) 24
    T_LABEL (271)
    T_TYPE (272)
    T_ARRAY (273)
    T_PROCEDURE (274)
    T_FUNCTION (275)
    T_IF (276)
    T_ELSE (277)
    T_WHILE (278)
    T_DO (279)
    T_OR (280) 29
    T_DIV (281) 30
    T_AND (282) 28
    T_NOT (283) 31


Nonterminals, with rules where they appear

    $accept (29)
        on left: 0
    programa (30)
        on left: 2
        on right: 0
    $@1 (31)
        on left: 1
        on right: 2
    bloco (32)
        on left: 4
        on right: 2
    $@2 (33)
        on left: 3
        on right: 4
    parte_declara_vars (34)
        on left: 5
        on right: 4
    var (35)
        on left: 7 8
        on right: 5
    $@3 (36)
        on left: 6
        on right: 7
    declara_vars (37)
        on left: 9 10
        on right: 7 9
    declara_var (38)
        on left: 13
        on right: 9 10
    $@4 (39)
        on left: 11
        on right: 13
    $@5 (40)
        on left: 12
        on right: 13
    tipo (41)
        on left: 14
        on right: 13
    lista_id_var (42)
        on left: 15 16
        on right: 13 15
    lista_idents (43)
        on left: 17 18
        on right: 2 17
    comando_composto (44)
        on left: 19
        on right: 4 22
    comandos (45)
        on left: 20 21
        on right: 19 20
    comando (46)
        on left: 22 24 25
        on right: 20 21
    $@6 (47)
        on left: 23
        on right: 24
    expressao (48)
        on left: 26 27 28 29 30 31 32 33
        on right: 24 28 29 30 31 32


State 0

    0 $accept: • programa $end

    $default  reduce using rule 1 ($@1)

    programa  go to state 1
    $@1       go to state 2


State 1

    0 $accept: programa • $end

    $end  shift, and go to state 3


State 2

    2 programa: $@1 • PROGRAM IDENT ABRE_PARENTESES lista_idents FECHA_PARENTESES PONTO_E_VIRGULA bloco PONTO

    PROGRAM  shift, and go to state 4


State 3

    0 $accept: programa $end •

    $default  accept


State 4

    2 programa: $@1 PROGRAM • IDENT ABRE_PARENTESES lista_idents FECHA_PARENTESES PONTO_E_VIRGULA bloco PONTO

    IDENT  shift, and go to state 5


State 5

    2 programa: $@1 PROGRAM IDENT • ABRE_PARENTESES lista_idents FECHA_PARENTESES PONTO_E_VIRGULA bloco PONTO

    ABRE_PARENTESES  shift, and go to state 6


State 6

    2 programa: $@1 PROGRAM IDENT ABRE_PARENTESES • lista_idents FECHA_PARENTESES PONTO_E_VIRGULA bloco PONTO

    IDENT  shift, and go to state 7

    lista_idents  go to state 8


State 7

   18 lista_idents: IDENT •

    $default  reduce using rule 18 (lista_idents)


State 8

    2 programa: $@1 PROGRAM IDENT ABRE_PARENTESES lista_idents • FECHA_PARENTESES PONTO_E_VIRGULA bloco PONTO
   17 lista_idents: lista_idents • VIRGULA IDENT

    FECHA_PARENTESES  shift, and go to state 9
    VIRGULA           shift, and go to state 10


State 9

    2 programa: $@1 PROGRAM IDENT ABRE_PARENTESES lista_idents FECHA_PARENTESES • PONTO_E_VIRGULA bloco PONTO

    PONTO_E_VIRGULA  shift, and go to state 11


State 10

   17 lista_idents: lista_idents VIRGULA • IDENT

    IDENT  shift, and go to state 12


State 11

    2 programa: $@1 PROGRAM IDENT ABRE_PARENTESES lista_idents FECHA_PARENTESES PONTO_E_VIRGULA • bloco PONTO

    T_BEGIN   reduce using rule 8 (var)
    $default  reduce using rule 6 ($@3)

    bloco               go to state 13
    parte_declara_vars  go to state 14
    var                 go to state 15
    $@3                 go to state 16


State 12

   17 lista_idents: lista_idents VIRGULA IDENT •

    $default  reduce using rule 17 (lista_idents)


State 13

    2 programa: $@1 PROGRAM IDENT ABRE_PARENTESES lista_idents FECHA_PARENTESES PONTO_E_VIRGULA bloco • PONTO

    PONTO  shift, and go to state 17


State 14

    4 bloco: parte_declara_vars • $@2 comando_composto

    $default  reduce using rule 3 ($@2)

    $@2  go to state 18


State 15

    5 parte_declara_vars: var •

    $default  reduce using rule 5 (parte_declara_vars)


State 16

    7 var: $@3 • VAR declara_vars

    VAR  shift, and go to state 19


State 17

    2 programa: $@1 PROGRAM IDENT ABRE_PARENTESES lista_idents FECHA_PARENTESES PONTO_E_VIRGULA bloco PONTO •

    $default  reduce using rule 2 (programa)


State 18

    4 bloco: parte_declara_vars $@2 • comando_composto

    T_BEGIN  shift, and go to state 20

    comando_composto  go to state 21


State 19

    7 var: $@3 VAR • declara_vars

    $default  reduce using rule 11 ($@4)

    declara_vars  go to state 22
    declara_var   go to state 23
    $@4           go to state 24


State 20

   19 comando_composto: T_BEGIN • comandos T_END

    T_BEGIN  shift, and go to state 20
    IDENT    shift, and go to state 25

    $default  reduce using rule 25 (comando)

    comando_composto  go to state 26
    comandos          go to state 27
    comando           go to state 28


State 21

    4 bloco: parte_declara_vars $@2 comando_composto •

    $default  reduce using rule 4 (bloco)


State 22

    7 var: $@3 VAR declara_vars •
    9 declara_vars: declara_vars • declara_var

    IDENT     reduce using rule 11 ($@4)
    $default  reduce using rule 7 (var)

    declara_var  go to state 29
    $@4          go to state 24


State 23

   10 declara_vars: declara_var •

    $default  reduce using rule 10 (declara_vars)


State 24

   13 declara_var: $@4 • lista_id_var DOIS_PONTOS tipo $@5 PONTO_E_VIRGULA

    IDENT  shift, and go to state 30

    lista_id_var  go to state 31


State 25

   24 comando: IDENT • $@6 ATRIBUICAO expressao

    $default  reduce using rule 23 ($@6)

    $@6  go to state 32


State 26

   22 comando: comando_composto •

    $default  reduce using rule 22 (comando)


State 27

   19 comando_composto: T_BEGIN comandos • T_END
   20 comandos: comandos • PONTO_E_VIRGULA comando

    PONTO_E_VIRGULA  shift, and go to state 33
    T_END            shift, and go to state 34


State 28

   21 comandos: comando •

    $default  reduce using rule 21 (comandos)


State 29

    9 declara_vars: declara_vars declara_var •

    $default  reduce using rule 9 (declara_vars)


State 30

   16 lista_id_var: IDENT •

    $default  reduce using rule 16 (lista_id_var)


State 31

   13 declara_var: $@4 lista_id_var • DOIS_PONTOS tipo $@5 PONTO_E_VIRGULA
   15 lista_id_var: lista_id_var • VIRGULA IDENT

    VIRGULA      shift, and go to state 35
    DOIS_PONTOS  shift, and go to state 36


State 32

   24 comando: IDENT $@6 • ATRIBUICAO expressao

    ATRIBUICAO  shift, and go to state 37


State 33

   20 comandos: comandos PONTO_E_VIRGULA • comando

    T_BEGIN  shift, and go to state 20
    IDENT    shift, and go to state 25

    $default  reduce using rule 25 (comando)

    comando_composto  go to state 26
    comando           go to state 38


State 34

   19 comando_composto: T_BEGIN comandos T_END •

    $default  reduce using rule 19 (comando_composto)


State 35

   15 lista_id_var: lista_id_var VIRGULA • IDENT

    IDENT  shift, and go to state 39


State 36

   13 declara_var: $@4 lista_id_var DOIS_PONTOS • tipo $@5 PONTO_E_VIRGULA

    IDENT  shift, and go to state 40

    tipo  go to state 41


State 37

   24 comando: IDENT $@6 ATRIBUICAO • expressao

    ABRE_PARENTESES  shift, and go to state 42
    NUMERO           shift, and go to state 43
    IDENT            shift, and go to state 44
    T_NOT            shift, and go to state 45

    $default  reduce using rule 33 (expressao)

    expressao  go to state 46


State 38

   20 comandos: comandos PONTO_E_VIRGULA comando •

    $default  reduce using rule 20 (comandos)


State 39

   15 lista_id_var: lista_id_var VIRGULA IDENT •

    $default  reduce using rule 15 (lista_id_var)


State 40

   14 tipo: IDENT •

    $default  reduce using rule 14 (tipo)


State 41

   13 declara_var: $@4 lista_id_var DOIS_PONTOS tipo • $@5 PONTO_E_VIRGULA

    $default  reduce using rule 12 ($@5)

    $@5  go to state 47


State 42

   32 expressao: ABRE_PARENTESES • expressao FECHA_PARENTESES

    ABRE_PARENTESES  shift, and go to state 42
    NUMERO           shift, and go to state 43
    IDENT            shift, and go to state 44
    T_NOT            shift, and go to state 45

    $default  reduce using rule 33 (expressao)

    expressao  go to state 48


State 43

   27 expressao: NUMERO •

    $default  reduce using rule 27 (expressao)


State 44

   26 expressao: IDENT •

    $default  reduce using rule 26 (expressao)


State 45

   31 expressao: T_NOT • expressao

    ABRE_PARENTESES  shift, and go to state 42
    NUMERO           shift, and go to state 43
    IDENT            shift, and go to state 44
    T_NOT            shift, and go to state 45

    $default  reduce using rule 33 (expressao)

    expressao  go to state 49


State 46

   24 comando: IDENT $@6 ATRIBUICAO expressao •
   28 expressao: expressao • T_AND expressao
   29          | expressao • T_OR expressao
   30          | expressao • T_DIV expressao

    T_OR   shift, and go to state 50
    T_DIV  shift, and go to state 51
    T_AND  shift, and go to state 52

    $default  reduce using rule 24 (comando)


State 47

   13 declara_var: $@4 lista_id_var DOIS_PONTOS tipo $@5 • PONTO_E_VIRGULA

    PONTO_E_VIRGULA  shift, and go to state 53


State 48

   28 expressao: expressao • T_AND expressao
   29          | expressao • T_OR expressao
   30          | expressao • T_DIV expressao
   32          | ABRE_PARENTESES expressao • FECHA_PARENTESES

    FECHA_PARENTESES  shift, and go to state 54
    T_OR              shift, and go to state 50
    T_DIV             shift, and go to state 51
    T_AND             shift, and go to state 52


State 49

   28 expressao: expressao • T_AND expressao
   29          | expressao • T_OR expressao
   30          | expressao • T_DIV expressao
   31          | T_NOT expressao •

    T_OR   shift, and go to state 50
    T_DIV  shift, and go to state 51
    T_AND  shift, and go to state 52

    T_OR      [reduce using rule 31 (expressao)]
    T_DIV     [reduce using rule 31 (expressao)]
    T_AND     [reduce using rule 31 (expressao)]
    $default  reduce using rule 31 (expressao)


State 50

   29 expressao: expressao T_OR • expressao

    ABRE_PARENTESES  shift, and go to state 42
    NUMERO           shift, and go to state 43
    IDENT            shift, and go to state 44
    T_NOT            shift, and go to state 45

    $default  reduce using rule 33 (expressao)

    expressao  go to state 55


State 51

   30 expressao: expressao T_DIV • expressao

    ABRE_PARENTESES  shift, and go to state 42
    NUMERO           shift, and go to state 43
    IDENT            shift, and go to state 44
    T_NOT            shift, and go to state 45

    $default  reduce using rule 33 (expressao)

    expressao  go to state 56


State 52

   28 expressao: expressao T_AND • expressao

    ABRE_PARENTESES  shift, and go to state 42
    NUMERO           shift, and go to state 43
    IDENT            shift, and go to state 44
    T_NOT            shift, and go to state 45

    $default  reduce using rule 33 (expressao)

    expressao  go to state 57


State 53

   13 declara_var: $@4 lista_id_var DOIS_PONTOS tipo $@5 PONTO_E_VIRGULA •

    $default  reduce using rule 13 (declara_var)


State 54

   32 expressao: ABRE_PARENTESES expressao FECHA_PARENTESES •

    $default  reduce using rule 32 (expressao)


State 55

   28 expressao: expressao • T_AND expressao
   29          | expressao • T_OR expressao
   29          | expressao T_OR expressao •
   30          | expressao • T_DIV expressao

    T_OR   shift, and go to state 50
    T_DIV  shift, and go to state 51
    T_AND  shift, and go to state 52

    T_OR      [reduce using rule 29 (expressao)]
    T_DIV     [reduce using rule 29 (expressao)]
    T_AND     [reduce using rule 29 (expressao)]
    $default  reduce using rule 29 (expressao)


State 56

   28 expressao: expressao • T_AND expressao
   29          | expressao • T_OR expressao
   30          | expressao • T_DIV expressao
   30          | expressao T_DIV expressao •

    T_OR   shift, and go to state 50
    T_DIV  shift, and go to state 51
    T_AND  shift, and go to state 52

    T_OR      [reduce using rule 30 (expressao)]
    T_DIV     [reduce using rule 30 (expressao)]
    T_AND     [reduce using rule 30 (expressao)]
    $default  reduce using rule 30 (expressao)


State 57

   28 expressao: expressao • T_AND expressao
   28          | expressao T_AND expressao •
   29          | expressao • T_OR expressao
   30          | expressao • T_DIV expressao

    T_OR   shift, and go to state 50
    T_DIV  shift, and go to state 51
    T_AND  shift, and go to state 52

    T_OR      [reduce using rule 28 (expressao)]
    T_DIV     [reduce using rule 28 (expressao)]
    T_AND     [reduce using rule 28 (expressao)]
    $default  reduce using rule 28 (expressao)
